INFO 2026-03-14 14:33:22,156 autoreload 21520 23516 Watching for file changes with StatReloader
INFO 2026-03-14 14:48:32,073 autoreload 20072 24184 Watching for file changes with StatReloader
INFO 2026-03-14 14:48:32,077 autoreload 6588 4224 Watching for file changes with StatReloader
INFO 2026-03-14 14:48:32,273 autoreload 19144 4956 Watching for file changes with StatReloader
INFO 2026-03-14 14:48:39,637 autoreload 6588 4224 C:\Users\Rexxon\Desktop\Healix\Healix\patients\models.py changed, reloading.
INFO 2026-03-14 14:48:39,661 autoreload 19144 4956 C:\Users\Rexxon\Desktop\Healix\Healix\healix\settings.py changed, reloading.
INFO 2026-03-14 14:48:39,687 autoreload 20072 24184 C:\Users\Rexxon\Desktop\Healix\Healix\healix\settings.py changed, reloading.
WARNING 2026-03-14 17:10:19,976 log 2908 13976 Unauthorized: /api/auth/login/
ERROR 2026-03-14 17:10:21,879 log 2908 13976 Internal Server Error: /api/auth/register/
Traceback (most recent call last):
  File "C:\Users\rajum\AppData\Local\Programs\Python\Python313\Lib\site-packages\django\core\handlers\exception.py", line 55, in inner
    response = get_response(request)
  File "C:\Users\rajum\AppData\Local\Programs\Python\Python313\Lib\site-packages\django\core\handlers\base.py", line 198, in _get_response
    response = wrapped_callback(request, *callback_args, **callback_kwargs)
  File "C:\Users\rajum\AppData\Local\Programs\Python\Python313\Lib\site-packages\django\views\decorators\csrf.py", line 65, in _view_wrapper
    return view_func(request, *args, **kwargs)
  File "C:\Users\rajum\AppData\Local\Programs\Python\Python313\Lib\site-packages\django\views\generic\base.py", line 106, in view
    return self.dispatch(request, *args, **kwargs)
           ~~~~~~~~~~~~~^^^^^^^^^^^^^^^^^^^^^^^^^^
  File "C:\Users\rajum\AppData\Local\Programs\Python\Python313\Lib\site-packages\rest_framework\views.py", line 515, in dispatch
    response = self.handle_exception(exc)
  File "C:\Users\rajum\AppData\Local\Programs\Python\Python313\Lib\site-packages\rest_framework\views.py", line 475, in handle_exception
    self.raise_uncaught_exception(exc)
    ~~~~~~~~~~~~~~~~~~~~~~~~~~~~~^^^^^
  File "C:\Users\rajum\AppData\Local\Programs\Python\Python313\Lib\site-packages\rest_framework\views.py", line 486, in raise_uncaught_exception
    raise exc
  File "C:\Users\rajum\AppData\Local\Programs\Python\Python313\Lib\site-packages\rest_framework\views.py", line 512, in dispatch
    response = handler(request, *args, **kwargs)
  File "C:\Users\rajum\AppData\Local\Programs\Python\Python313\Lib\site-packages\rest_framework\generics.py", line 194, in post
    return self.create(request, *args, **kwargs)
           ~~~~~~~~~~~^^^^^^^^^^^^^^^^^^^^^^^^^^
  File "C:\Users\rajum\healix\accounts\views.py", line 16, in create
    user = serializer.save()
  File "C:\Users\rajum\AppData\Local\Programs\Python\Python313\Lib\site-packages\rest_framework\serializers.py", line 210, in save
    self.instance = self.create(validated_data)
                    ~~~~~~~~~~~^^^^^^^^^^^^^^^^
  File "C:\Users\rajum\healix\accounts\serializers.py", line 39, in create
    user = User.objects.create_user(**validated_data)
  File "C:\Users\rajum\AppData\Local\Programs\Python\Python313\Lib\site-packages\django\contrib\auth\models.py", line 175, in create_user
    return self._create_user(username, email, password, **extra_fields)
           ~~~~~~~~~~~~~~~~~^^^^^^^^^^^^^^^^^^^^^^^^^^^^^^^^^^^^^^^^^^^
  File "C:\Users\rajum\AppData\Local\Programs\Python\Python313\Lib\site-packages\django\contrib\auth\models.py", line 162, in _create_user
    user = self._create_user_object(username, email, password, **extra_fields)
  File "C:\Users\rajum\AppData\Local\Programs\Python\Python313\Lib\site-packages\django\contrib\auth\models.py", line 154, in _create_user_object
    user = self.model(username=username, email=email, **extra_fields)
  File "C:\Users\rajum\AppData\Local\Programs\Python\Python313\Lib\site-packages\django\db\models\base.py", line 590, in __init__
    raise TypeError(
    ...<2 lines>...
    )
TypeError: User() got unexpected keyword arguments: 'password2'
WARNING 2026-03-14 17:10:30,412 log 436 12052 Unauthorized: /api/auth/login/
INFO 2026-03-14 17:15:48,728 autoreload 14768 7388 Watching for file changes with StatReloader
INFO 2026-03-14 17:17:34,103 autoreload 12628 18036 Watching for file changes with StatReloader
WARNING 2026-03-14 17:17:51,813 log 12628 2156 Unauthorized: /
WARNING 2026-03-14 17:17:51,814 log 12628 2156 "GET / HTTP/1.1" 401 9731
INFO 2026-03-14 17:17:51,849 log 12628 2156 "GET /static/rest_framework/css/bootstrap.min.css HTTP/1.1" 304 0
INFO 2026-03-14 17:17:51,852 log 12628 21412 "GET /static/rest_framework/css/bootstrap-tweaks.css HTTP/1.1" 304 0
INFO 2026-03-14 17:17:51,856 log 12628 6680 "GET /static/rest_framework/css/prettify.css HTTP/1.1" 304 0
INFO 2026-03-14 17:17:51,858 log 12628 21412 "GET /static/rest_framework/js/bootstrap.min.js HTTP/1.1" 304 0
INFO 2026-03-14 17:17:51,858 log 12628 14432 "GET /static/rest_framework/css/default.css HTTP/1.1" 304 0
INFO 2026-03-14 17:17:51,858 log 12628 22640 "GET /static/rest_framework/js/jquery-3.7.1.min.js HTTP/1.1" 304 0
INFO 2026-03-14 17:17:51,859 log 12628 2156 "GET /static/rest_framework/js/csrf.js HTTP/1.1" 304 0
INFO 2026-03-14 17:17:51,864 log 12628 21024 "GET /static/rest_framework/js/ajax-form.js HTTP/1.1" 304 0
INFO 2026-03-14 17:17:51,865 log 12628 6680 "GET /static/rest_framework/js/prettify-min.js HTTP/1.1" 304 0
INFO 2026-03-14 17:17:51,868 log 12628 14432 "GET /static/rest_framework/js/load-ajax-form.js HTTP/1.1" 304 0
INFO 2026-03-14 17:17:51,868 log 12628 21412 "GET /static/rest_framework/js/default.js HTTP/1.1" 304 0
INFO 2026-03-14 17:17:51,870 log 12628 6680 "GET /static/rest_framework/img/grid.png HTTP/1.1" 304 0
WARNING 2026-03-14 17:17:51,918 log 12628 6680 Not Found: /favicon.ico
WARNING 2026-03-14 17:17:51,919 log 12628 6680 "GET /favicon.ico HTTP/1.1" 404 4513
INFO 2026-03-14 17:23:52,493 autoreload 12628 18036 C:\Users\rajum\healix\healix\views.py changed, reloading.
INFO 2026-03-14 17:23:53,324 autoreload 132 11080 Watching for file changes with StatReloader
INFO 2026-03-14 17:24:02,917 autoreload 132 11080 C:\Users\rajum\healix\healix\urls.py changed, reloading.
INFO 2026-03-14 17:24:03,645 autoreload 23348 19936 Watching for file changes with StatReloader
INFO 2026-03-14 17:24:29,593 autoreload 21208 19688 Watching for file changes with StatReloader
INFO 2026-03-14 17:25:06,958 autoreload 22704 23544 Watching for file changes with StatReloader
INFO 2026-03-14 17:27:41,021 autoreload 20348 19900 Watching for file changes with StatReloader
INFO 2026-03-14 17:28:07,886 autoreload 10484 13744 Watching for file changes with StatReloader
INFO 2026-03-14 17:28:18,074 log 22704 15052 "GET / HTTP/1.1" 200 50745
INFO 2026-03-14 17:29:10,284 log 22704 15052 "GET /dashboard HTTP/1.1" 301 0
INFO 2026-03-14 17:29:10,287 log 22704 15052 "GET /dashboard/ HTTP/1.1" 200 11658
WARNING 2026-03-14 17:29:14,438 log 22704 15052 Not Found: /api/patients/patients/
WARNING 2026-03-14 17:29:14,438 log 22704 15052 "GET /api/patients/patients/ HTTP/1.1" 404 6932
INFO 2026-03-14 17:29:20,171 log 22704 15052 "GET /triage/ HTTP/1.1" 200 22423
INFO 2026-03-14 17:29:29,981 log 22704 15052 "GET /dashboard/ HTTP/1.1" 200 11658
WARNING 2026-03-14 17:29:30,013 log 22704 15052 Not Found: /api/patients/patients/
WARNING 2026-03-14 17:29:30,014 log 22704 15052 "GET /api/patients/patients/ HTTP/1.1" 404 6932
INFO 2026-03-14 17:31:08,368 log 22704 15052 "GET /dashboard/ HTTP/1.1" 200 11658
WARNING 2026-03-14 17:31:08,395 log 22704 15052 Not Found: /api/patients/patients/
WARNING 2026-03-14 17:31:08,396 log 22704 15052 "GET /api/patients/patients/ HTTP/1.1" 404 6932
INFO 2026-03-14 17:36:02,283 log 22704 15052 "GET /login HTTP/1.1" 301 0
INFO 2026-03-14 17:36:02,287 log 22704 15052 "GET /login/ HTTP/1.1" 302 0
INFO 2026-03-14 17:36:02,293 log 22704 15052 "GET /auth/login/ HTTP/1.1" 200 31203
INFO 2026-03-14 17:36:02,655 log 22704 9124 "GET /auth/login/ HTTP/1.1" 200 31203
WARNING 2026-03-14 17:36:23,876 log 22704 9124 Not Found: /favicon.ico
WARNING 2026-03-14 17:36:23,878 log 22704 9124 "GET /favicon.ico HTTP/1.1" 404 4685
INFO 2026-03-14 17:55:04,197 log 20092 20776 "GET /dashboard/doctor/ HTTP/1.1" 200 40308
INFO 2026-03-14 17:55:04,351 basehttp 20092 20776 - Broken pipe from ('127.0.0.1', 60936)
INFO 2026-03-14 17:55:55,416 log 20092 25276 "GET /dashboard/doctor/ HTTP/1.1" 200 40308
WARNING 2026-03-14 17:55:56,303 log 20092 25276 Unauthorized: /api/patients/
WARNING 2026-03-14 17:55:56,304 log 20092 25276 "GET /api/patients/ HTTP/1.1" 401 58
WARNING 2026-03-14 17:55:56,308 log 20092 25276 Unauthorized: /api/triage/history/
WARNING 2026-03-14 17:55:56,309 log 20092 25276 "GET /api/triage/history/ HTTP/1.1" 401 58
WARNING 2026-03-14 17:55:56,311 log 20092 28588 Unauthorized: /api/triage/stats/
WARNING 2026-03-14 17:55:56,312 log 20092 28588 "GET /api/triage/stats/ HTTP/1.1" 401 58
INFO 2026-03-14 17:55:56,598 log 20092 28588 "GET /auth/login/ HTTP/1.1" 200 31867
INFO 2026-03-14 17:55:56,966 log 20092 19428 "GET /auth/login/ HTTP/1.1" 200 31867
INFO 2026-03-14 17:56:09,950 log 20092 19428 "GET /dashboard/doctor/ HTTP/1.1" 200 40308
WARNING 2026-03-14 17:56:10,239 log 20092 19428 Unauthorized: /api/patients/
WARNING 2026-03-14 17:56:10,242 log 20092 9344 Unauthorized: /api/triage/stats/
WARNING 2026-03-14 17:56:10,243 log 20092 19428 "GET /api/patients/ HTTP/1.1" 401 58
WARNING 2026-03-14 17:56:10,245 log 20092 9344 "GET /api/triage/stats/ HTTP/1.1" 401 58
WARNING 2026-03-14 17:56:10,247 log 20092 19428 Unauthorized: /api/triage/history/
WARNING 2026-03-14 17:56:10,249 log 20092 19428 "GET /api/triage/history/ HTTP/1.1" 401 58
INFO 2026-03-14 17:57:42,095 log 20092 28588 "GET /dashboard/doctor/ HTTP/1.1" 200 40308
WARNING 2026-03-14 17:57:42,227 log 20092 28588 Unauthorized: /api/patients/
WARNING 2026-03-14 17:57:42,229 log 20092 25276 Unauthorized: /api/triage/stats/
WARNING 2026-03-14 17:57:42,230 log 20092 28588 "GET /api/patients/ HTTP/1.1" 401 58
WARNING 2026-03-14 17:57:42,231 log 20092 25276 "GET /api/triage/stats/ HTTP/1.1" 401 58
WARNING 2026-03-14 17:57:42,234 log 20092 27152 Unauthorized: /api/triage/history/
WARNING 2026-03-14 17:57:42,235 log 20092 27152 "GET /api/triage/history/ HTTP/1.1" 401 58
INFO 2026-03-14 17:57:42,458 log 20092 27152 "GET /auth/login/ HTTP/1.1" 200 31867
INFO 2026-03-14 17:57:42,505 log 20092 19428 "GET /auth/login/ HTTP/1.1" 200 31867
INFO 2026-03-14 17:58:13,198 log 20092 19428 "GET /dashboard/doctor/ HTTP/1.1" 200 40308
WARNING 2026-03-14 17:58:13,270 log 20092 19428 Unauthorized: /api/patients/
WARNING 2026-03-14 17:58:13,272 log 20092 9344 Unauthorized: /api/triage/stats/
WARNING 2026-03-14 17:58:13,274 log 20092 19428 "GET /api/patients/ HTTP/1.1" 401 58
WARNING 2026-03-14 17:58:13,278 log 20092 19428 Unauthorized: /api/triage/history/
WARNING 2026-03-14 17:58:13,280 log 20092 9344 "GET /api/triage/stats/ HTTP/1.1" 401 58
WARNING 2026-03-14 17:58:13,281 log 20092 19428 "GET /api/triage/history/ HTTP/1.1" 401 58
WARNING 2026-03-14 17:58:29,589 log 20092 19428 Unauthorized: /api/patients/
WARNING 2026-03-14 17:58:29,590 log 20092 19428 "GET /api/patients/ HTTP/1.1" 401 58
WARNING 2026-03-14 17:58:29,599 log 20092 19428 Unauthorized: /api/triage/stats/
WARNING 2026-03-14 17:58:29,601 log 20092 9344 Unauthorized: /api/triage/history/
WARNING 2026-03-14 17:58:29,602 log 20092 9344 "GET /api/triage/history/ HTTP/1.1" 401 58
WARNING 2026-03-14 17:58:29,603 log 20092 19428 "GET /api/triage/stats/ HTTP/1.1" 401 58
INFO 2026-03-14 17:58:33,230 log 20092 9344 "GET /triage/ HTTP/1.1" 200 73501
WARNING 2026-03-14 17:58:43,271 log 20092 9344 Unauthorized: /api/patients/
WARNING 2026-03-14 17:58:43,273 log 20092 19428 Unauthorized: /api/triage/stats/
WARNING 2026-03-14 17:58:43,274 log 20092 9912 Unauthorized: /api/triage/history/
WARNING 2026-03-14 17:58:43,276 log 20092 19428 "GET /api/triage/stats/ HTTP/1.1" 401 58
WARNING 2026-03-14 17:58:43,276 log 20092 9344 "GET /api/patients/ HTTP/1.1" 401 58
WARNING 2026-03-14 17:58:43,277 log 20092 9912 "GET /api/triage/history/ HTTP/1.1" 401 58
WARNING 2026-03-14 17:59:14,263 log 20092 9912 Unauthorized: /api/patients/
WARNING 2026-03-14 17:59:14,266 log 20092 9344 Unauthorized: /api/triage/stats/
WARNING 2026-03-14 17:59:14,269 log 20092 19428 Unauthorized: /api/triage/history/
WARNING 2026-03-14 17:59:14,271 log 20092 9912 "GET /api/patients/ HTTP/1.1" 401 58
WARNING 2026-03-14 17:59:14,273 log 20092 19428 "GET /api/triage/history/ HTTP/1.1" 401 58
WARNING 2026-03-14 17:59:14,274 log 20092 9344 "GET /api/triage/stats/ HTTP/1.1" 401 58
WARNING 2026-03-14 17:59:44,255 log 20092 9344 Unauthorized: /api/patients/
WARNING 2026-03-14 17:59:44,256 log 20092 9344 "GET /api/patients/ HTTP/1.1" 401 58
WARNING 2026-03-14 17:59:44,261 log 20092 9344 Unauthorized: /api/triage/stats/
WARNING 2026-03-14 17:59:44,264 log 20092 19428 Unauthorized: /api/triage/history/
WARNING 2026-03-14 17:59:44,265 log 20092 9344 "GET /api/triage/stats/ HTTP/1.1" 401 58
WARNING 2026-03-14 17:59:44,266 log 20092 19428 "GET /api/triage/history/ HTTP/1.1" 401 58
WARNING 2026-03-14 18:00:13,275 log 20092 19428 Unauthorized: /api/patients/
WARNING 2026-03-14 18:00:13,278 log 20092 9344 Unauthorized: /api/triage/stats/
WARNING 2026-03-14 18:00:13,281 log 20092 9912 Unauthorized: /api/triage/history/
WARNING 2026-03-14 18:00:13,282 log 20092 19428 "GET /api/patients/ HTTP/1.1" 401 58
WARNING 2026-03-14 18:00:13,284 log 20092 9912 "GET /api/triage/history/ HTTP/1.1" 401 58
WARNING 2026-03-14 18:00:13,285 log 20092 9344 "GET /api/triage/stats/ HTTP/1.1" 401 58
WARNING 2026-03-14 18:00:43,274 log 20092 9344 Unauthorized: /api/patients/
WARNING 2026-03-14 18:00:43,277 log 20092 9912 Unauthorized: /api/triage/stats/
WARNING 2026-03-14 18:00:43,279 log 20092 19428 Unauthorized: /api/triage/history/
WARNING 2026-03-14 18:00:43,279 log 20092 9344 "GET /api/patients/ HTTP/1.1" 401 58
WARNING 2026-03-14 18:00:43,281 log 20092 9912 "GET /api/triage/stats/ HTTP/1.1" 401 58
WARNING 2026-03-14 18:00:43,282 log 20092 19428 "GET /api/triage/history/ HTTP/1.1" 401 58
WARNING 2026-03-14 18:01:13,272 log 20092 19428 Unauthorized: /api/patients/
WARNING 2026-03-14 18:01:13,275 log 20092 9912 Unauthorized: /api/triage/stats/
WARNING 2026-03-14 18:01:13,280 log 20092 9344 Unauthorized: /api/triage/history/
WARNING 2026-03-14 18:01:13,284 log 20092 9912 "GET /api/triage/stats/ HTTP/1.1" 401 58
WARNING 2026-03-14 18:01:13,284 log 20092 9344 "GET /api/triage/history/ HTTP/1.1" 401 58
WARNING 2026-03-14 18:01:13,286 log 20092 19428 "GET /api/patients/ HTTP/1.1" 401 58
WARNING 2026-03-14 18:01:44,264 log 20092 19428 Unauthorized: /api/patients/
WARNING 2026-03-14 18:01:44,267 log 20092 9344 Unauthorized: /api/triage/stats/
WARNING 2026-03-14 18:01:44,270 log 20092 9912 Unauthorized: /api/triage/history/
WARNING 2026-03-14 18:01:44,273 log 20092 9912 "GET /api/triage/history/ HTTP/1.1" 401 58
WARNING 2026-03-14 18:01:44,274 log 20092 19428 "GET /api/patients/ HTTP/1.1" 401 58
WARNING 2026-03-14 18:01:44,276 log 20092 9344 "GET /api/triage/stats/ HTTP/1.1" 401 58
WARNING 2026-03-14 18:02:14,924 log 20092 9344 Unauthorized: /api/patients/
WARNING 2026-03-14 18:02:14,925 log 20092 19428 Unauthorized: /api/triage/stats/
WARNING 2026-03-14 18:02:14,927 log 20092 9912 Unauthorized: /api/triage/history/
WARNING 2026-03-14 18:02:14,931 log 20092 9912 "GET /api/triage/history/ HTTP/1.1" 401 58
WARNING 2026-03-14 18:02:14,933 log 20092 19428 "GET /api/triage/stats/ HTTP/1.1" 401 58
WARNING 2026-03-14 18:02:14,934 log 20092 9344 "GET /api/patients/ HTTP/1.1" 401 58
WARNING 2026-03-14 18:03:07,573 log 20092 25132 Unauthorized: /api/patients/
WARNING 2026-03-14 18:03:07,577 log 20092 20784 Unauthorized: /api/triage/stats/
WARNING 2026-03-14 18:03:07,582 log 20092 24944 Unauthorized: /api/triage/history/
WARNING 2026-03-14 18:03:07,583 log 20092 25132 "GET /api/patients/ HTTP/1.1" 401 58
WARNING 2026-03-14 18:03:07,585 log 20092 20784 "GET /api/triage/stats/ HTTP/1.1" 401 58
WARNING 2026-03-14 18:03:07,586 log 20092 24944 "GET /api/triage/history/ HTTP/1.1" 401 58
WARNING 2026-03-14 18:04:07,260 log 20092 20784 Unauthorized: /api/patients/
WARNING 2026-03-14 18:04:07,263 log 20092 24944 Unauthorized: /api/triage/stats/
WARNING 2026-03-14 18:04:07,266 log 20092 25132 Unauthorized: /api/triage/history/
WARNING 2026-03-14 18:04:07,269 log 20092 20784 "GET /api/patients/ HTTP/1.1" 401 58
WARNING 2026-03-14 18:04:07,270 log 20092 24944 "GET /api/triage/stats/ HTTP/1.1" 401 58
WARNING 2026-03-14 18:04:07,271 log 20092 25132 "GET /api/triage/history/ HTTP/1.1" 401 58
WARNING 2026-03-14 18:05:07,263 log 20092 25132 Unauthorized: /api/patients/
WARNING 2026-03-14 18:05:07,267 log 20092 24944 Unauthorized: /api/triage/stats/
WARNING 2026-03-14 18:05:07,270 log 20092 20784 Unauthorized: /api/triage/history/
WARNING 2026-03-14 18:05:07,273 log 20092 25132 "GET /api/patients/ HTTP/1.1" 401 58
WARNING 2026-03-14 18:05:07,274 log 20092 24944 "GET /api/triage/stats/ HTTP/1.1" 401 58
WARNING 2026-03-14 18:05:07,275 log 20092 20784 "GET /api/triage/history/ HTTP/1.1" 401 58
INFO 2026-03-14 18:29:16,954 autoreload 23208 4160 Watching for file changes with StatReloader
WARNING 2026-03-14 18:29:46,404 log 23208 19068 Unauthorized: /api/patients/
WARNING 2026-03-14 18:29:46,404 log 23208 18596 Unauthorized: /api/triage/stats/
WARNING 2026-03-14 18:29:46,404 log 23208 20316 Unauthorized: /api/triage/history/
WARNING 2026-03-14 18:29:46,406 log 23208 19068 "GET /api/patients/ HTTP/1.1" 401 58
WARNING 2026-03-14 18:29:46,406 log 23208 18596 "GET /api/triage/stats/ HTTP/1.1" 401 58
WARNING 2026-03-14 18:29:46,406 log 23208 20316 "GET /api/triage/history/ HTTP/1.1" 401 58
INFO 2026-03-14 18:29:47,715 log 23208 20316 "GET /dashboard/doctor/ HTTP/1.1" 200 44789
WARNING 2026-03-14 18:29:48,143 log 23208 20316 Unauthorized: /api/patients/
WARNING 2026-03-14 18:29:48,146 log 23208 19068 Unauthorized: /api/triage/history/
WARNING 2026-03-14 18:29:48,149 log 23208 18596 Unauthorized: /api/triage/stats/
WARNING 2026-03-14 18:29:48,152 log 23208 19068 "GET /api/triage/history/ HTTP/1.1" 401 58
WARNING 2026-03-14 18:29:48,152 log 23208 20316 "GET /api/patients/ HTTP/1.1" 401 58
WARNING 2026-03-14 18:29:48,153 log 23208 18596 "GET /api/triage/stats/ HTTP/1.1" 401 58
WARNING 2026-03-14 18:29:48,395 log 23208 18596 Not Found: /favicon.ico
WARNING 2026-03-14 18:29:48,395 log 23208 18596 "GET /favicon.ico HTTP/1.1" 404 4685
INFO 2026-03-14 18:29:48,406 log 23208 18596 "GET /auth/login/ HTTP/1.1" 200 31867
INFO 2026-03-14 18:30:01,233 log 23208 18596 "GET /dashboard/doctor/ HTTP/1.1" 200 44789
WARNING 2026-03-14 18:30:01,282 log 23208 18596 Unauthorized: /api/patients/
WARNING 2026-03-14 18:30:01,284 log 23208 19068 Unauthorized: /api/triage/stats/
WARNING 2026-03-14 18:30:01,285 log 23208 20316 Unauthorized: /api/triage/history/
WARNING 2026-03-14 18:30:01,287 log 23208 18596 "GET /api/patients/ HTTP/1.1" 401 58
WARNING 2026-03-14 18:30:01,288 log 23208 19068 "GET /api/triage/stats/ HTTP/1.1" 401 58
WARNING 2026-03-14 18:30:01,288 log 23208 20316 "GET /api/triage/history/ HTTP/1.1" 401 58
INFO 2026-03-14 18:30:01,442 log 23208 20316 "GET /auth/login/ HTTP/1.1" 200 31867
INFO 2026-03-14 18:31:38,545 log 23208 23664 "GET /dashboard/doctor/ HTTP/1.1" 200 44789
WARNING 2026-03-14 18:31:39,017 log 23208 23664 Unauthorized: /api/patients/
WARNING 2026-03-14 18:31:39,022 log 23208 20780 Unauthorized: /api/triage/stats/
WARNING 2026-03-14 18:31:39,023 log 23208 23664 "GET /api/patients/ HTTP/1.1" 401 58
WARNING 2026-03-14 18:31:39,028 log 23208 9944 Unauthorized: /api/triage/history/
WARNING 2026-03-14 18:31:39,029 log 23208 20780 "GET /api/triage/stats/ HTTP/1.1" 401 58
WARNING 2026-03-14 18:31:39,031 log 23208 9944 "GET /api/triage/history/ HTTP/1.1" 401 58
WARNING 2026-03-14 18:31:39,449 log 23208 9944 Not Found: /favicon.ico
WARNING 2026-03-14 18:31:39,450 log 23208 9944 "GET /favicon.ico HTTP/1.1" 404 4685
INFO 2026-03-14 18:31:39,459 log 23208 9944 "GET /auth/login/ HTTP/1.1" 200 31867
INFO 2026-03-14 18:31:39,495 log 23208 20316 "GET /auth/login/ HTTP/1.1" 200 31867
INFO 2026-03-14 18:31:53,368 log 23208 20316 "GET /dashboard/doctor/ HTTP/1.1" 200 44789
WARNING 2026-03-14 18:31:53,432 log 23208 20316 Unauthorized: /api/patients/
WARNING 2026-03-14 18:31:53,434 log 23208 19068 Unauthorized: /api/triage/stats/
WARNING 2026-03-14 18:31:53,435 log 23208 18596 Unauthorized: /api/triage/history/
WARNING 2026-03-14 18:31:53,436 log 23208 19068 "GET /api/triage/stats/ HTTP/1.1" 401 58
WARNING 2026-03-14 18:31:53,437 log 23208 20316 "GET /api/patients/ HTTP/1.1" 401 58
WARNING 2026-03-14 18:31:53,437 log 23208 18596 "GET /api/triage/history/ HTTP/1.1" 401 58
INFO 2026-03-14 18:31:53,607 log 23208 18596 "GET /auth/login/ HTTP/1.1" 200 31867
INFO 2026-03-14 18:35:12,285 log 23208 18596 "GET /auth/login/ HTTP/1.1" 200 29748
INFO 2026-03-14 18:50:26,798 autoreload 23208 4160 C:\Users\Rexxon\Desktop\Healix\Healix\healix\settings.py changed, reloading.
INFO 2026-03-14 18:50:28,154 autoreload 23616 21008 Watching for file changes with StatReloader
INFO 2026-03-14 18:54:17,012 autoreload 23616 21008 C:\Users\Rexxon\Desktop\Healix\Healix\accounts\models.py changed, reloading.
INFO 2026-03-14 18:54:18,153 autoreload 22320 11352 Watching for file changes with StatReloader
INFO 2026-03-14 18:56:56,625 autoreload 8976 9564 Watching for file changes with StatReloader
INFO 2026-03-14 18:58:49,027 log 8976 21956 "GET /auth/login/ HTTP/1.1" 200 31870
INFO 2026-03-14 18:59:01,335 log 8976 21956 "GET /dashboard/doctor/ HTTP/1.1" 200 46365
INFO 2026-03-14 18:59:03,770 log 8976 19852 "GET /api/triage/history/ HTTP/1.1" 200 301
INFO 2026-03-14 18:59:03,770 log 8976 21956 "GET /api/patients/ HTTP/1.1" 200 3234
INFO 2026-03-14 18:59:03,780 log 8976 9200 "GET /api/triage/stats/ HTTP/1.1" 200 69
INFO 2026-03-14 18:59:25,906 log 8976 9200 "GET /triage/?patient_id=40&input=Sophia%20Patel%0AMild%20rash%20on%20forearms%20after%20using%20a%20new%20laundry%20detergent.%20Itchy%20but%20no%20breathing%20issues. HTTP/1.1" 200 73851
INFO 2026-03-14 19:00:25,673 log 8976 9200 "GET /dashboard/doctor/ HTTP/1.1" 200 46365
INFO 2026-03-14 19:00:30,055 log 8976 19852 "GET /api/triage/stats/ HTTP/1.1" 200 69
INFO 2026-03-14 19:00:30,058 log 8976 21956 "GET /api/triage/history/ HTTP/1.1" 200 301
INFO 2026-03-14 19:00:30,061 log 8976 9200 "GET /api/patients/ HTTP/1.1" 200 3234
INFO 2026-03-14 19:00:35,017 log 8976 19852 "GET /api/triage/history/ HTTP/1.1" 200 301
INFO 2026-03-14 19:00:35,017 log 8976 9200 "GET /api/patients/ HTTP/1.1" 200 3234
INFO 2026-03-14 19:00:35,020 log 8976 21956 "GET /api/triage/stats/ HTTP/1.1" 200 69
INFO 2026-03-14 19:00:46,663 log 8976 21956 "GET /triage/ HTTP/1.1" 200 73851
INFO 2026-03-14 19:00:56,764 log 8976 19852 "GET /api/triage/history/ HTTP/1.1" 200 301
INFO 2026-03-14 19:00:56,768 log 8976 9200 "GET /api/triage/stats/ HTTP/1.1" 200 69
INFO 2026-03-14 19:00:56,769 log 8976 21956 "GET /api/patients/ HTTP/1.1" 200 3234
INFO 2026-03-14 19:01:26,546 log 8976 21956 "GET /api/patients/ HTTP/1.1" 200 3234
INFO 2026-03-14 19:01:26,650 log 8976 9200 "GET /api/triage/stats/ HTTP/1.1" 200 69
INFO 2026-03-14 19:01:26,656 log 8976 19852 "GET /api/triage/history/ HTTP/1.1" 200 301
INFO 2026-03-14 19:01:56,556 log 8976 21956 "GET /api/triage/history/ HTTP/1.1" 200 301
INFO 2026-03-14 19:01:56,564 log 8976 19852 "GET /api/patients/ HTTP/1.1" 200 3234
INFO 2026-03-14 19:01:56,567 log 8976 9200 "GET /api/triage/stats/ HTTP/1.1" 200 69
INFO 2026-03-14 19:02:26,403 log 8976 19852 "GET /api/triage/stats/ HTTP/1.1" 200 69
INFO 2026-03-14 19:02:26,408 log 8976 21956 "GET /api/triage/history/ HTTP/1.1" 200 301
INFO 2026-03-14 19:02:26,416 log 8976 9200 "GET /api/patients/ HTTP/1.1" 200 3234
INFO 2026-03-14 19:02:56,641 log 8976 19852 "GET /api/triage/history/ HTTP/1.1" 200 301
INFO 2026-03-14 19:02:56,642 log 8976 9200 "GET /api/patients/ HTTP/1.1" 200 3234
INFO 2026-03-14 19:02:56,647 log 8976 21956 "GET /api/triage/stats/ HTTP/1.1" 200 69
INFO 2026-03-14 19:03:26,656 log 8976 21956 "GET /api/patients/ HTTP/1.1" 200 3234
INFO 2026-03-14 19:03:26,743 log 8976 19852 "GET /api/triage/history/ HTTP/1.1" 200 301
INFO 2026-03-14 19:03:26,745 log 8976 9200 "GET /api/triage/stats/ HTTP/1.1" 200 69
INFO 2026-03-14 19:03:56,941 log 8976 21956 "GET /api/triage/history/ HTTP/1.1" 200 301
INFO 2026-03-14 19:03:56,944 log 8976 19852 "GET /api/triage/stats/ HTTP/1.1" 200 69
INFO 2026-03-14 19:03:57,041 log 8976 9200 "GET /api/patients/ HTTP/1.1" 200 3234
INFO 2026-03-14 19:30:25,843 autoreload 3272 23948 Watching for file changes with StatReloader
INFO 2026-03-14 19:33:32,550 log 4488 13788 "GET / HTTP/1.1" 200 50755
INFO 2026-03-14 19:33:38,974 autoreload 15544 5720 Watching for file changes with StatReloader
INFO 2026-03-14 19:34:09,025 autoreload 24404 19384 Watching for file changes with StatReloader
INFO 2026-03-14 19:36:14,534 autoreload 23340 22416 Watching for file changes with StatReloader
INFO 2026-03-14 19:36:52,034 log 23340 8064 "GET / HTTP/1.1" 200 50755
INFO 2026-03-14 19:36:53,776 basehttp 23340 8064 - Broken pipe from ('127.0.0.1', 58265)
INFO 2026-03-14 19:43:58,992 log 23340 11404 "GET /auth/login/ HTTP/1.1" 200 31870
INFO 2026-03-14 19:43:59,363 log 23340 12752 "GET /auth/login/ HTTP/1.1" 200 31870
INFO 2026-03-14 23:03:01,979 autoreload 9564 14124 Watching for file changes with StatReloader
INFO 2026-03-14 23:04:55,941 log 9564 17480 "HEAD / HTTP/1.1" 200 0
INFO 2026-03-14 23:04:55,945 log 9564 17480 "GET / HTTP/1.1" 200 50755
INFO 2026-03-14 23:05:10,104 log 9564 19236 "GET / HTTP/1.1" 200 50755
INFO 2026-03-14 23:05:12,080 log 9564 19236 "GET /auth/login/ HTTP/1.1" 200 31814
